<?xml version="1.0" encoding="UTF-8"?>
<!-- Generated by org.testng.reporters.JUnitReportReporter -->
<testsuite hostname="LAPTOP-ESVA0SVA" failures="0" tests="1" name="Tests.SeleniumDemo.StandaloneTest2" time="34.684" errors="0" timestamp="2025-06-16T11:58:19 IST" skipped="0">
  <testcase classname="Tests.SeleniumDemo.StandaloneTest2" name="submitOrder" time="34.684"/>
</testsuite> <!-- Tests.SeleniumDemo.StandaloneTest2 -->
