<?xml version="1.0" encoding="UTF-8"?>
<!-- Generated by org.testng.reporters.JUnitReportReporter -->
<testsuite hostname="LAPTOP-ESVA0SVA" failures="0" tests="1" name="Assignment.Automate" time="17.216" errors="0" timestamp="2025-07-22T22:40:33 IST" skipped="0">
  <testcase classname="Assignment.Automate" name="cashOut" time="17.216"/>
</testsuite> <!-- Assignment.Automate -->
