<?xml version="1.0" encoding="UTF-8"?>
<!-- Generated by org.testng.reporters.JUnitReportReporter -->
<testsuite hostname="LAPTOP-ESVA0SVA" failures="0" tests="1" name="Tests.SeleniumDemo.StandaloneTest" time="25.547" errors="0" timestamp="2025-06-16T12:00:32 IST" skipped="0">
  <testcase classname="Tests.SeleniumDemo.StandaloneTest" name="submitOrder" time="25.547"/>
</testsuite> <!-- Tests.SeleniumDemo.StandaloneTest -->
